Flow report for fpgagen
Tue Feb 21 21:48:45 2017
Quartus II 32-bit Version 13.1.0 Build 162 10/23/2013 SJ Web Edition


---------------------
; Table of Contents ;
---------------------
  1. Legal Notice
  2. Flow Summary
  3. Flow Settings
  4. Flow Non-Default Global Settings
  5. Flow Elapsed Time
  6. Flow OS Summary
  7. Flow Log
  8. Flow Messages
  9. Flow Suppressed Messages



----------------
; Legal Notice ;
----------------
Copyright (C) 1991-2013 Altera Corporation
Your use of Altera Corporation's design tools, logic functions 
and other software and tools, and its AMPP partner logic 
functions, and any output files from any of the foregoing 
(including device programming or simulation files), and any 
associated documentation or information are expressly subject 
to the terms and conditions of the Altera Program License 
Subscription Agreement, Altera MegaCore Function License 
Agreement, or other applicable license agreement, including, 
without limitation, that your use is for the sole purpose of 
programming logic devices manufactured by Altera and sold by 
Altera or its authorized distributors.  Please refer to the 
applicable agreement for further details.



+---------------------------------------------------------------------------------+
; Flow Summary                                                                    ;
+------------------------------------+--------------------------------------------+
; Flow Status                        ; Successful - Tue Feb 21 21:48:45 2017      ;
; Quartus II 32-bit Version          ; 13.1.0 Build 162 10/23/2013 SJ Web Edition ;
; Revision Name                      ; fpgagen                                    ;
; Top-level Entity Name              ; MIST_Toplevel                              ;
; Family                             ; Cyclone III                                ;
; Device                             ; EP3C25E144C7                               ;
; Timing Models                      ; Final                                      ;
; Total logic elements               ; 17,560 / 24,624 ( 71 % )                   ;
;     Total combinational functions  ; 15,168 / 24,624 ( 62 % )                   ;
;     Dedicated logic registers      ; 7,107 / 24,624 ( 29 % )                    ;
; Total registers                    ; 7173                                       ;
; Total pins                         ; 73 / 83 ( 88 % )                           ;
; Total virtual pins                 ; 0                                          ;
; Total memory bits                  ; 214,243 / 608,256 ( 35 % )                 ;
; Embedded Multiplier 9-bit elements ; 6 / 132 ( 5 % )                            ;
; Total PLLs                         ; 1 / 4 ( 25 % )                             ;
+------------------------------------+--------------------------------------------+


+-----------------------------------------+
; Flow Settings                           ;
+-------------------+---------------------+
; Option            ; Setting             ;
+-------------------+---------------------+
; Start date & time ; 02/21/2017 21:40:13 ;
; Main task         ; Compilation         ;
; Revision Name     ; fpgagen             ;
+-------------------+---------------------+


+--------------------------------------------------------------------------------------------------------------------------------+
; Flow Non-Default Global Settings                                                                                               ;
+-------------------------------------------------+-----------------------------+---------------+---------------+----------------+
; Assignment Name                                 ; Value                       ; Default Value ; Entity Name   ; Section Id     ;
+-------------------------------------------------+-----------------------------+---------------+---------------+----------------+
; ADV_NETLIST_OPT_SYNTH_WYSIWYG_REMAP             ; On                          ; Off           ; --            ; --             ;
; ALLOW_SHIFT_REGISTER_MERGING_ACROSS_HIERARCHIES ; Always                      ; Auto          ; --            ; --             ;
; AUTO_SHIFT_REGISTER_RECOGNITION                 ; Always                      ; Auto          ; --            ; --             ;
; COMPILER_SIGNATURE_ID                           ; 0.148770961319377           ; --            ; --            ; --             ;
; CYCLONEII_OPTIMIZATION_TECHNIQUE                ; Speed                       ; Balanced      ; --            ; --             ;
; EDA_TIME_SCALE                                  ; 1 ps                        ; --            ; --            ; eda_simulation ;
; ENABLE_SIGNALTAP                                ; On                          ; --            ; --            ; --             ;
; IP_TOOL_NAME                                    ; ALTPLL                      ; --            ; --            ; --             ;
; IP_TOOL_VERSION                                 ; 13.0                        ; --            ; --            ; --             ;
; MAX_CORE_JUNCTION_TEMP                          ; 85                          ; --            ; --            ; --             ;
; MIN_CORE_JUNCTION_TEMP                          ; 0                           ; --            ; --            ; --             ;
; MISC_FILE                                       ; ../../Board/mist/pll.bsf    ; --            ; --            ; --             ;
; MISC_FILE                                       ; ../../Board/mist/pll.cmp    ; --            ; --            ; --             ;
; MISC_FILE                                       ; ../../Board/mist/pll.ppf    ; --            ; --            ; --             ;
; MUX_RESTRUCTURE                                 ; On                          ; Auto          ; --            ; --             ;
; OUTPUT_IO_TIMING_FAR_END_VMEAS                  ; Half Signal Swing           ; --            ; --            ; --             ;
; OUTPUT_IO_TIMING_FAR_END_VMEAS                  ; Half Signal Swing           ; --            ; --            ; --             ;
; OUTPUT_IO_TIMING_NEAR_END_VMEAS                 ; Half Vccio                  ; --            ; --            ; --             ;
; OUTPUT_IO_TIMING_NEAR_END_VMEAS                 ; Half Vccio                  ; --            ; --            ; --             ;
; PARTITION_COLOR                                 ; 16764057                    ; --            ; MIST_Toplevel ; Top            ;
; PARTITION_FITTER_PRESERVATION_LEVEL             ; PLACEMENT_AND_ROUTING       ; --            ; MIST_Toplevel ; Top            ;
; PARTITION_NETLIST_TYPE                          ; SOURCE                      ; --            ; MIST_Toplevel ; Top            ;
; PHYSICAL_SYNTHESIS_COMBO_LOGIC                  ; On                          ; Off           ; --            ; --             ;
; PHYSICAL_SYNTHESIS_COMBO_LOGIC_FOR_AREA         ; On                          ; Off           ; --            ; --             ;
; PHYSICAL_SYNTHESIS_MAP_LOGIC_TO_MEMORY_FOR_AREA ; On                          ; Off           ; --            ; --             ;
; PHYSICAL_SYNTHESIS_REGISTER_RETIMING            ; On                          ; Off           ; --            ; --             ;
; POWER_BOARD_THERMAL_MODEL                       ; None (CONSERVATIVE)         ; --            ; --            ; --             ;
; POWER_PRESET_COOLING_SOLUTION                   ; No Heat Sink With Still Air ; --            ; --            ; --             ;
; REMOVE_REDUNDANT_LOGIC_CELLS                    ; On                          ; Off           ; --            ; --             ;
; SMART_RECOMPILE                                 ; On                          ; Off           ; --            ; --             ;
; SYNTH_TIMING_DRIVEN_SYNTHESIS                   ; Off                         ; On            ; --            ; --             ;
; TIMEQUEST_MULTICORNER_ANALYSIS                  ; Off                         ; On            ; --            ; --             ;
; TOP_LEVEL_ENTITY                                ; MIST_Toplevel               ; fpgagen       ; --            ; --             ;
; USE_SIGNALTAP_FILE                              ; stp1.stp                    ; --            ; --            ; --             ;
+-------------------------------------------------+-----------------------------+---------------+---------------+----------------+


+--------------------------------------------------------------------------------------------------------------------------+
; Flow Elapsed Time                                                                                                        ;
+----------------------+--------------+-------------------------+---------------------+------------------------------------+
; Module Name          ; Elapsed Time ; Average Processors Used ; Peak Virtual Memory ; Total CPU Time (on all processors) ;
+----------------------+--------------+-------------------------+---------------------+------------------------------------+
; Analysis & Synthesis ; 00:03:19     ; 1.0                     ; 546 MB              ; 00:03:18                           ;
; Fitter               ; 00:04:45     ; 1.3                     ; 830 MB              ; 00:06:00                           ;
; Assembler            ; 00:00:04     ; 1.0                     ; 414 MB              ; 00:00:04                           ;
; Total                ; 00:08:08     ; --                      ; --                  ; 00:09:22                           ;
+----------------------+--------------+-------------------------+---------------------+------------------------------------+


+----------------------------------------------------------------------------------------+
; Flow OS Summary                                                                        ;
+----------------------+------------------+----------------+------------+----------------+
; Module Name          ; Machine Hostname ; OS Name        ; OS Version ; Processor type ;
+----------------------+------------------+----------------+------------+----------------+
; Analysis & Synthesis ; despacho         ; Ubuntu 16.04.2 ; 16         ; x86_64         ;
; Fitter               ; despacho         ; Ubuntu 16.04.2 ; 16         ; x86_64         ;
; Assembler            ; despacho         ; Ubuntu 16.04.2 ; 16         ; x86_64         ;
+----------------------+------------------+----------------+------------+----------------+


------------
; Flow Log ;
------------
quartus_map --read_settings_files=on --write_settings_files=off fpgagen -c fpgagen
quartus_fit --read_settings_files=off --write_settings_files=off fpgagen -c fpgagen
quartus_asm --read_settings_files=off --write_settings_files=off fpgagen -c fpgagen



